Running: E:\Xilinx\14.7\ISE_DS\ISE\bin\nt\unwrapped\fuse.exe -intstyle ise -incremental -lib unisims_ver -lib unimacro_ver -lib xilinxcorelib_ver -lib secureip -o E:/_processor_cores/nano-cpu32k/sopc/fpga/xilinx-spartan6/ncpu32k-spartan6/tb_sopc_isim_beh.exe -prj E:/_processor_cores/nano-cpu32k/sopc/fpga/xilinx-spartan6/ncpu32k-spartan6/tb_sopc_beh.prj work.tb_sopc work.glbl 
ISim P.20131013 (signature 0x8ef4fb42)
Number of CPUs detected in this system: 8
Turning on mult-threading, number of parallel sub-compilation jobs: 16 
Determining compilation order of HDL files
Analyzing Verilog file "E:/_processor_cores/nano-cpu32k/sopc/fpga/xilinx-spartan6/ncpu32k-spartan6/../../../../rtl/ncpu32k/ncpu32k_cell_dff_lr.v" into library work
Analyzing Verilog file "E:/_processor_cores/nano-cpu32k/sopc/fpga/xilinx-spartan6/ncpu32k-spartan6/../../../../rtl/ncpu32k/ncpu32k_ipdu.v" into library work
Analyzing Verilog file "E:/_processor_cores/nano-cpu32k/sopc/fpga/xilinx-spartan6/ncpu32k-spartan6/../../../../rtl/ncpu32k/ncpu32k_ie_mu.v" into library work
Analyzing Verilog file "E:/_processor_cores/nano-cpu32k/sopc/fpga/xilinx-spartan6/ncpu32k-spartan6/../../../../rtl/ncpu32k/ncpu32k_ie_lu.v" into library work
Analyzing Verilog file "E:/_processor_cores/nano-cpu32k/sopc/fpga/xilinx-spartan6/ncpu32k-spartan6/../../../../rtl/ncpu32k/ncpu32k_ie_eu.v" into library work
Analyzing Verilog file "E:/_processor_cores/nano-cpu32k/sopc/fpga/xilinx-spartan6/ncpu32k-spartan6/../../../../rtl/ncpu32k/ncpu32k_ie_au.v" into library work
Analyzing Verilog file "E:/_processor_cores/nano-cpu32k/sopc/fpga/xilinx-spartan6/ncpu32k-spartan6/../../../../rtl/ncpu32k/ncpu32k_cell_sdpram_sclk.v" into library work
Analyzing Verilog file "E:/_processor_cores/nano-cpu32k/sopc/fpga/xilinx-spartan6/ncpu32k-spartan6/../../../../rtl/ncpu32k/ncpu32k_cell_pipebuf.v" into library work
Analyzing Verilog file "E:/_processor_cores/nano-cpu32k/sopc/fpga/xilinx-spartan6/ncpu32k-spartan6/../../../../rtl/ncpu32k/ncpu32k_cell_dff_r.v" into library work
Analyzing Verilog file "E:/_processor_cores/nano-cpu32k/sopc/fpga/xilinx-spartan6/ncpu32k-spartan6/../../../../rtl/ncpu32k/ncpu32k_regfile.v" into library work
Analyzing Verilog file "E:/_processor_cores/nano-cpu32k/sopc/fpga/xilinx-spartan6/ncpu32k-spartan6/../../../../rtl/ncpu32k/ncpu32k_psr.v" into library work
Analyzing Verilog file "E:/_processor_cores/nano-cpu32k/sopc/fpga/xilinx-spartan6/ncpu32k-spartan6/../../../../rtl/ncpu32k/ncpu32k_ifu.v" into library work
Analyzing Verilog file "E:/_processor_cores/nano-cpu32k/sopc/fpga/xilinx-spartan6/ncpu32k-spartan6/../../../../rtl/ncpu32k/ncpu32k_ieu.v" into library work
Analyzing Verilog file "E:/_processor_cores/nano-cpu32k/sopc/fpga/xilinx-spartan6/ncpu32k-spartan6/../../../../rtl/ncpu32k/ncpu32k_idu.v" into library work
Analyzing Verilog file "E:/_processor_cores/nano-cpu32k/sopc/fpga/xilinx-spartan6/ncpu32k-spartan6/../../../../rtl/ncpu32k/ncpu32k_cell_tdpram_sclk.v" into library work
Analyzing Verilog file "E:/_processor_cores/nano-cpu32k/sopc/fpga/xilinx-spartan6/ncpu32k-spartan6/../../../../rtl/ncpu32k/ncpu32k_bpu.v" into library work
Analyzing Verilog file "E:/_processor_cores/nano-cpu32k/sopc/fpga/xilinx-spartan6/ncpu32k-spartan6/../../../rtl/soc_fifo_asclk.v" into library work
Analyzing Verilog file "E:/_processor_cores/nano-cpu32k/sopc/fpga/xilinx-spartan6/ncpu32k-spartan6/../../../../rtl/ncpu32k/ncpu32k_tsc.v" into library work
Analyzing Verilog file "E:/_processor_cores/nano-cpu32k/sopc/fpga/xilinx-spartan6/ncpu32k-spartan6/../../../../rtl/ncpu32k/ncpu32k_i_mmu.v" into library work
Analyzing Verilog file "E:/_processor_cores/nano-cpu32k/sopc/fpga/xilinx-spartan6/ncpu32k-spartan6/../../../../rtl/ncpu32k/ncpu32k_i_cache.v" into library work
Analyzing Verilog file "E:/_processor_cores/nano-cpu32k/sopc/fpga/xilinx-spartan6/ncpu32k-spartan6/../../../../rtl/ncpu32k/ncpu32k_irqc.v" into library work
Analyzing Verilog file "E:/_processor_cores/nano-cpu32k/sopc/fpga/xilinx-spartan6/ncpu32k-spartan6/../../../../rtl/ncpu32k/ncpu32k_d_mmu.v" into library work
Analyzing Verilog file "E:/_processor_cores/nano-cpu32k/sopc/fpga/xilinx-spartan6/ncpu32k-spartan6/../../../../rtl/ncpu32k/ncpu32k_d_cache.v" into library work
Analyzing Verilog file "E:/_processor_cores/nano-cpu32k/sopc/fpga/xilinx-spartan6/ncpu32k-spartan6/../../../../rtl/ncpu32k/ncpu32k_core.v" into library work
Analyzing Verilog file "E:/_processor_cores/nano-cpu32k/sopc/fpga/xilinx-spartan6/ncpu32k-spartan6/../../../../rtl/ncpu32k/ncpu32k_cell_tdpram_aclkd_sclk.v" into library work
WARNING:HDLCompiler:248 - "E:/_processor_cores/nano-cpu32k/sopc/fpga/xilinx-spartan6/ncpu32k-spartan6/../../../../rtl/ncpu32k/ncpu32k_cell_tdpram_aclkd_sclk.v" Line 63: Block identifier is required on this block
WARNING:HDLCompiler:248 - "E:/_processor_cores/nano-cpu32k/sopc/fpga/xilinx-spartan6/ncpu32k-spartan6/../../../../rtl/ncpu32k/ncpu32k_cell_tdpram_aclkd_sclk.v" Line 78: Block identifier is required on this block
Analyzing Verilog file "E:/_processor_cores/nano-cpu32k/sopc/fpga/xilinx-spartan6/ncpu32k-spartan6/../../../rtl/soc_pb_uart.v" into library work
ERROR:HDLCompiler:281 - "E:/_processor_cores/nano-cpu32k/sopc/fpga/xilinx-spartan6/ncpu32k-spartan6/../../../rtl/soc_pb_uart.v" Line 42: Cannot open include file "ncpu32k_config.h".
ERROR:HDLCompiler:870 - "E:/_processor_cores/nano-cpu32k/sopc/fpga/xilinx-spartan6/ncpu32k-spartan6/../../../rtl/soc_pb_uart.v" Line 52: Macro <NCPU_AW> is not defined.
ERROR:HDLCompiler:598 - "E:/_processor_cores/nano-cpu32k/sopc/fpga/xilinx-spartan6/ncpu32k-spartan6/../../../rtl/soc_pb_uart.v" Line 44: Module <soc_pb_uart> ignored due to previous errors.
Verilog file E:/_processor_cores/nano-cpu32k/sopc/fpga/xilinx-spartan6/ncpu32k-spartan6/../../../rtl/soc_pb_uart.v ignored due to errors
