Release 14.7 - xst P.20131013 (nt)
Copyright (c) 1995-2013 Xilinx, Inc.  All rights reserved.
--> Parameter TMPDIR set to xst/projnav.tmp


Total REAL time to Xst completion: 0.00 secs
Total CPU time to Xst completion: 0.39 secs
 
--> Parameter xsthdpdir set to xst


Total REAL time to Xst completion: 0.00 secs
Total CPU time to Xst completion: 0.39 secs
 
--> Reading design: pb_fb_router.prj

TABLE OF CONTENTS
  1) Synthesis Options Summary
  2) HDL Parsing
  3) HDL Elaboration
  4) HDL Synthesis
       4.1) HDL Synthesis Report
  5) Advanced HDL Synthesis
       5.1) Advanced HDL Synthesis Report
  6) Low Level Synthesis
  7) Partition Report
  8) Design Summary
       8.1) Primitive and Black Box Usage
       8.2) Device utilization summary
       8.3) Partition Resource Summary
       8.4) Timing Report
            8.4.1) Clock Information
            8.4.2) Asynchronous Control Signals Information
            8.4.3) Timing Summary
            8.4.4) Timing Details
            8.4.5) Cross Clock Domains Report


=========================================================================
*                      Synthesis Options Summary                        *
=========================================================================
---- Source Parameters
Input File Name                    : "pb_fb_router.prj"
Ignore Synthesis Constraint File   : NO

---- Target Parameters
Output File Name                   : "pb_fb_router"
Output Format                      : NGC
Target Device                      : xc6slx16-2-ftg256

---- Source Options
Top Module Name                    : pb_fb_router
Automatic FSM Extraction           : YES
FSM Encoding Algorithm             : Auto
Safe Implementation                : No
FSM Style                          : LUT
RAM Extraction                     : Yes
RAM Style                          : Auto
ROM Extraction                     : Yes
Shift Register Extraction          : YES
ROM Style                          : Auto
Resource Sharing                   : YES
Asynchronous To Synchronous        : NO
Shift Register Minimum Size        : 2
Use DSP Block                      : Auto
Automatic Register Balancing       : No

---- Target Options
LUT Combining                      : Auto
Reduce Control Sets                : Auto
Add IO Buffers                     : YES
Global Maximum Fanout              : 100000
Add Generic Clock Buffer(BUFG)     : 16
Register Duplication               : YES
Optimize Instantiated Primitives   : NO
Use Clock Enable                   : Auto
Use Synchronous Set                : Auto
Use Synchronous Reset              : Auto
Pack IO Registers into IOBs        : Auto
Equivalent register Removal        : YES

---- General Options
Optimization Goal                  : Speed
Optimization Effort                : 1
Power Reduction                    : NO
Keep Hierarchy                     : No
Netlist Hierarchy                  : As_Optimized
RTL Output                         : Yes
Global Optimization                : AllClockNets
Read Cores                         : YES
Write Timing Constraints           : NO
Cross Clock Analysis               : NO
Hierarchy Separator                : /
Bus Delimiter                      : <>
Case Specifier                     : Maintain
Slice Utilization Ratio            : 100
BRAM Utilization Ratio             : 100
DSP48 Utilization Ratio            : 100
Auto BRAM Packing                  : NO
Slice Utilization Ratio Delta      : 5

---- Other Options
Cores Search Directories           : {"ipcore_dir"  }

=========================================================================


=========================================================================
*                          HDL Parsing                                  *
=========================================================================
Analyzing Verilog file "E:\_processor_cores\nano-cpu32k\rtl\ncpu32k\ncpu32k_cell_dff_lr.v" into library work
Parsing verilog file "E:\_processor_cores\nano-cpu32k\rtl\ncpu32k\/ncpu32k_config.h" included at line 20.
Parsing module <ncpu32k_cell_dff_lr>.
Analyzing Verilog file "E:\_processor_cores\nano-cpu32k\rtl\pb_fb_router\pb_fb_router.v" into library work
Parsing verilog file "E:\_processor_cores\nano-cpu32k\rtl\ncpu32k\/ncpu32k_config.h" included at line 17.
Parsing module <pb_fb_router>.
WARNING:HDLCompiler:248 - "E:\_processor_cores\nano-cpu32k\rtl\pb_fb_router\pb_fb_router.v" Line 61: Block identifier is required on this block
WARNING:HDLCompiler:248 - "E:\_processor_cores\nano-cpu32k\rtl\pb_fb_router\pb_fb_router.v" Line 75: Block identifier is required on this block
WARNING:HDLCompiler:248 - "E:\_processor_cores\nano-cpu32k\rtl\pb_fb_router\pb_fb_router.v" Line 89: Block identifier is required on this block
WARNING:HDLCompiler:248 - "E:\_processor_cores\nano-cpu32k\rtl\pb_fb_router\pb_fb_router.v" Line 100: Block identifier is required on this block
WARNING:HDLCompiler:248 - "E:\_processor_cores\nano-cpu32k\rtl\pb_fb_router\pb_fb_router.v" Line 113: Block identifier is required on this block

=========================================================================
*                            HDL Elaboration                            *
=========================================================================

Elaborating module <pb_fb_router>.
WARNING:HDLCompiler:634 - "E:\_processor_cores\nano-cpu32k\rtl\pb_fb_router\pb_fb_router.v" Line 73: Net <cmd_ready[-2]> does not have a driver.
WARNING:HDLCompiler:634 - "E:\_processor_cores\nano-cpu32k\rtl\pb_fb_router\pb_fb_router.v" Line 97: Net <dout_valid[-2]> does not have a driver.
WARNING:HDLCompiler:634 - "E:\_processor_cores\nano-cpu32k\rtl\pb_fb_router\pb_fb_router.v" Line 98: Net <dout[-2][31]> does not have a driver.

=========================================================================
*                           HDL Synthesis                               *
=========================================================================

Synthesizing Unit <pb_fb_router>.
    Related source file is "E:\_processor_cores\nano-cpu32k\rtl\pb_fb_router\pb_fb_router.v".
        NBUS = -1
WARNING:Xst:647 - Input <fb_mbus_din> is never used. This port will be preserved and left unconnected if it belongs to a top-level block or it belongs to a sub-block and the hierarchy of this sub-block is preserved.
WARNING:Xst:647 - Input <fb_mbus_cmd_addr> is never used. This port will be preserved and left unconnected if it belongs to a top-level block or it belongs to a sub-block and the hierarchy of this sub-block is preserved.
WARNING:Xst:647 - Input <fb_mbus_cmd_we_msk> is never used. This port will be preserved and left unconnected if it belongs to a top-level block or it belongs to a sub-block and the hierarchy of this sub-block is preserved.
WARNING:Xst:647 - Input <fb_bus_sel> is never used. This port will be preserved and left unconnected if it belongs to a top-level block or it belongs to a sub-block and the hierarchy of this sub-block is preserved.
WARNING:Xst:647 - Input <fb_bus_valid> is never used. This port will be preserved and left unconnected if it belongs to a top-level block or it belongs to a sub-block and the hierarchy of this sub-block is preserved.
WARNING:Xst:647 - Input <fb_bus_dout> is never used. This port will be preserved and left unconnected if it belongs to a top-level block or it belongs to a sub-block and the hierarchy of this sub-block is preserved.
WARNING:Xst:647 - Input <fb_bus_cmd_ready> is never used. This port will be preserved and left unconnected if it belongs to a top-level block or it belongs to a sub-block and the hierarchy of this sub-block is preserved.
WARNING:Xst:647 - Input <clk> is never used. This port will be preserved and left unconnected if it belongs to a top-level block or it belongs to a sub-block and the hierarchy of this sub-block is preserved.
WARNING:Xst:647 - Input <rst_n> is never used. This port will be preserved and left unconnected if it belongs to a top-level block or it belongs to a sub-block and the hierarchy of this sub-block is preserved.
WARNING:Xst:647 - Input <fb_mbus_ready> is never used. This port will be preserved and left unconnected if it belongs to a top-level block or it belongs to a sub-block and the hierarchy of this sub-block is preserved.
WARNING:Xst:647 - Input <fb_mbus_cmd_valid> is never used. This port will be preserved and left unconnected if it belongs to a top-level block or it belongs to a sub-block and the hierarchy of this sub-block is preserved.
WARNING:Xst:653 - Signal <cmd_ready> is used but never assigned. This sourceless signal will be automatically connected to value GND.
WARNING:Xst:653 - Signal <dout_valid> is used but never assigned. This sourceless signal will be automatically connected to value GND.
WARNING:Xst:653 - Signal <dout<-2>> is used but never assigned. This sourceless signal will be automatically connected to value GND.
    Summary:
	no macro.
Unit <pb_fb_router> synthesized.

=========================================================================
HDL Synthesis Report

Found no macro
=========================================================================

=========================================================================
*                       Advanced HDL Synthesis                          *
=========================================================================


=========================================================================
Advanced HDL Synthesis Report

Found no macro
=========================================================================

=========================================================================
*                         Low Level Synthesis                           *
=========================================================================

Optimizing unit <pb_fb_router> ...

Mapping all equations...
Building and optimizing final netlist ...
Found area constraint ratio of 100 (+ 5) on block pb_fb_router, actual ratio is 0.

Final Macro Processing ...

=========================================================================
Final Register Report

Found no macro
=========================================================================

=========================================================================
*                           Partition Report                            *
=========================================================================

Partition Implementation Status
-------------------------------

  No Partitions were found in this design.

-------------------------------

=========================================================================
*                            Design Summary                             *
=========================================================================

Top Level Output File Name         : pb_fb_router.ngc

Primitive and Black Box Usage:
------------------------------
# BELS                             : 1
#      GND                         : 1
# IO Buffers                       : 34
#      OBUF                        : 34

Device utilization summary:
---------------------------

Selected Device : 6slx16ftg256-2 


Slice Logic Utilization: 

Slice Logic Distribution: 
 Number of LUT Flip Flop pairs used:      0
   Number with an unused Flip Flop:       0  out of      0         
   Number with an unused LUT:             0  out of      0         
   Number of fully used LUT-FF pairs:     0  out of      0         
   Number of unique control sets:         0

IO Utilization: 
 Number of IOs:                         229
 Number of bonded IOBs:                  34  out of    186    18%  

Specific Feature Utilization:

---------------------------
Partition Resource Summary:
---------------------------

  No Partitions were found in this design.

---------------------------


=========================================================================
Timing Report

NOTE: THESE TIMING NUMBERS ARE ONLY A SYNTHESIS ESTIMATE.
      FOR ACCURATE TIMING INFORMATION PLEASE REFER TO THE TRACE REPORT
      GENERATED AFTER PLACE-and-ROUTE.

Clock Information:
------------------
No clock signals found in this design

Asynchronous Control Signals Information:
----------------------------------------
No asynchronous control signals found in this design

Timing Summary:
---------------
Speed Grade: -2

   Minimum period: No path found
   Minimum input arrival time before clock: No path found
   Maximum output required time after clock: No path found
   Maximum combinational path delay: No path found

Timing Details:
---------------
All values displayed in nanoseconds (ns)

=========================================================================

Cross Clock Domains Report:
--------------------------

=========================================================================


Total REAL time to Xst completion: 3.00 secs
Total CPU time to Xst completion: 3.76 secs
 
--> 

Total memory usage is 231140 kilobytes

Number of errors   :    0 (   0 filtered)
Number of warnings :   22 (   0 filtered)
Number of infos    :    0 (   0 filtered)

