INFO: [VRFC 10-2263] Analyzing Verilog file "E:/_processor_cores/nano-cpu32k/sopc/fpga/xilinx-spartan6/ncpu32k-spartan6/ncpu32k-spartan6.sim/sim_1/synth/func/xsim/unknown_func_synth.v" into library xil_defaultlib
INFO: [VRFC 10-311] analyzing module clk_wiz_0
INFO: [VRFC 10-311] analyzing module clk_wiz_0_clk_wiz_0_clk_wiz
INFO: [VRFC 10-311] analyzing module ncpu32k
INFO: [VRFC 10-311] analyzing module ncpu32k_cell_dff_lr
INFO: [VRFC 10-311] analyzing module ncpu32k_cell_dff_lr_10
INFO: [VRFC 10-311] analyzing module ncpu32k_cell_dff_lr_12
INFO: [VRFC 10-311] analyzing module ncpu32k_cell_dff_lr_13
INFO: [VRFC 10-311] analyzing module ncpu32k_cell_dff_lr_19
INFO: [VRFC 10-311] analyzing module ncpu32k_cell_dff_lr_2
INFO: [VRFC 10-311] analyzing module ncpu32k_cell_dff_lr_23
INFO: [VRFC 10-311] analyzing module ncpu32k_cell_dff_lr_24
INFO: [VRFC 10-311] analyzing module ncpu32k_cell_dff_lr_25
INFO: [VRFC 10-311] analyzing module ncpu32k_cell_dff_lr_26
INFO: [VRFC 10-311] analyzing module ncpu32k_cell_dff_lr_28
INFO: [VRFC 10-311] analyzing module ncpu32k_cell_dff_lr_29
INFO: [VRFC 10-311] analyzing module ncpu32k_cell_dff_lr_3
INFO: [VRFC 10-311] analyzing module ncpu32k_cell_dff_lr_30
INFO: [VRFC 10-311] analyzing module ncpu32k_cell_dff_lr_31
INFO: [VRFC 10-311] analyzing module ncpu32k_cell_dff_lr_32
INFO: [VRFC 10-311] analyzing module ncpu32k_cell_dff_lr_33
INFO: [VRFC 10-311] analyzing module ncpu32k_cell_dff_lr_34
INFO: [VRFC 10-311] analyzing module ncpu32k_cell_dff_lr_35
INFO: [VRFC 10-311] analyzing module ncpu32k_cell_dff_lr_36
INFO: [VRFC 10-311] analyzing module ncpu32k_cell_dff_lr_38
INFO: [VRFC 10-311] analyzing module ncpu32k_cell_dff_lr_4
INFO: [VRFC 10-311] analyzing module ncpu32k_cell_dff_lr_41
INFO: [VRFC 10-311] analyzing module ncpu32k_cell_dff_lr_42
INFO: [VRFC 10-311] analyzing module ncpu32k_cell_dff_lr_43
INFO: [VRFC 10-311] analyzing module ncpu32k_cell_dff_lr_44
INFO: [VRFC 10-311] analyzing module ncpu32k_cell_dff_lr_45
INFO: [VRFC 10-311] analyzing module ncpu32k_cell_dff_lr_47
INFO: [VRFC 10-311] analyzing module ncpu32k_cell_dff_lr_48
INFO: [VRFC 10-311] analyzing module ncpu32k_cell_dff_lr_49
INFO: [VRFC 10-311] analyzing module ncpu32k_cell_dff_lr_5
INFO: [VRFC 10-311] analyzing module ncpu32k_cell_dff_lr_51
INFO: [VRFC 10-311] analyzing module ncpu32k_cell_dff_lr_52
INFO: [VRFC 10-311] analyzing module ncpu32k_cell_dff_lr_54
INFO: [VRFC 10-311] analyzing module ncpu32k_cell_dff_lr_55
INFO: [VRFC 10-311] analyzing module ncpu32k_cell_dff_lr_56
INFO: [VRFC 10-311] analyzing module ncpu32k_cell_dff_lr_57
INFO: [VRFC 10-311] analyzing module ncpu32k_cell_dff_lr_58
INFO: [VRFC 10-311] analyzing module ncpu32k_cell_dff_lr_6
INFO: [VRFC 10-311] analyzing module ncpu32k_cell_dff_lr_60
INFO: [VRFC 10-311] analyzing module ncpu32k_cell_dff_lr_61
INFO: [VRFC 10-311] analyzing module ncpu32k_cell_dff_lr_63
INFO: [VRFC 10-311] analyzing module ncpu32k_cell_dff_lr_64
INFO: [VRFC 10-311] analyzing module ncpu32k_cell_dff_lr_65
INFO: [VRFC 10-311] analyzing module ncpu32k_cell_dff_lr_66
INFO: [VRFC 10-311] analyzing module ncpu32k_cell_dff_lr_67
INFO: [VRFC 10-311] analyzing module ncpu32k_cell_dff_lr_68
INFO: [VRFC 10-311] analyzing module ncpu32k_cell_dff_lr_69
INFO: [VRFC 10-311] analyzing module ncpu32k_cell_dff_lr_70
INFO: [VRFC 10-311] analyzing module ncpu32k_cell_dff_lr_71
INFO: [VRFC 10-311] analyzing module ncpu32k_cell_dff_lr_72
INFO: [VRFC 10-311] analyzing module ncpu32k_cell_dff_lr_73
INFO: [VRFC 10-311] analyzing module ncpu32k_cell_dff_lr_9
INFO: [VRFC 10-311] analyzing module ncpu32k_cell_dff_lr__parameterized0
INFO: [VRFC 10-311] analyzing module ncpu32k_cell_dff_lr__parameterized0_1
INFO: [VRFC 10-311] analyzing module ncpu32k_cell_dff_lr__parameterized0_11
INFO: [VRFC 10-311] analyzing module ncpu32k_cell_dff_lr__parameterized0_15
INFO: [VRFC 10-311] analyzing module ncpu32k_cell_dff_lr__parameterized0_21
INFO: [VRFC 10-311] analyzing module ncpu32k_cell_dff_lr__parameterized0_22
INFO: [VRFC 10-311] analyzing module ncpu32k_cell_dff_lr__parameterized0_27
INFO: [VRFC 10-311] analyzing module ncpu32k_cell_dff_lr__parameterized0_62
INFO: [VRFC 10-311] analyzing module ncpu32k_cell_dff_lr__parameterized0_7
INFO: [VRFC 10-311] analyzing module ncpu32k_cell_dff_lr__parameterized1
INFO: [VRFC 10-311] analyzing module ncpu32k_cell_dff_lr__parameterized10
INFO: [VRFC 10-311] analyzing module ncpu32k_cell_dff_lr__parameterized10_37
INFO: [VRFC 10-311] analyzing module ncpu32k_cell_dff_lr__parameterized10_40
INFO: [VRFC 10-311] analyzing module ncpu32k_cell_dff_lr__parameterized10_46
INFO: [VRFC 10-311] analyzing module ncpu32k_cell_dff_lr__parameterized10_59
INFO: [VRFC 10-311] analyzing module ncpu32k_cell_dff_lr__parameterized11
INFO: [VRFC 10-311] analyzing module ncpu32k_cell_dff_lr__parameterized12
INFO: [VRFC 10-311] analyzing module ncpu32k_cell_dff_lr__parameterized13
INFO: [VRFC 10-311] analyzing module ncpu32k_cell_dff_lr__parameterized14
INFO: [VRFC 10-311] analyzing module ncpu32k_cell_dff_lr__parameterized2
INFO: [VRFC 10-311] analyzing module ncpu32k_cell_dff_lr__parameterized4
INFO: [VRFC 10-311] analyzing module ncpu32k_cell_dff_lr__parameterized4_14
INFO: [VRFC 10-311] analyzing module ncpu32k_cell_dff_lr__parameterized5
INFO: [VRFC 10-311] analyzing module ncpu32k_cell_dff_lr__parameterized6
INFO: [VRFC 10-311] analyzing module ncpu32k_cell_dff_lr__parameterized7
INFO: [VRFC 10-311] analyzing module ncpu32k_cell_dff_lr__parameterized8
INFO: [VRFC 10-311] analyzing module ncpu32k_cell_dff_lr__parameterized9
INFO: [VRFC 10-311] analyzing module ncpu32k_cell_dff_lr__parameterized9_50
INFO: [VRFC 10-311] analyzing module ncpu32k_cell_dff_lr__parameterized9_53
INFO: [VRFC 10-311] analyzing module ncpu32k_cell_dff_r
INFO: [VRFC 10-311] analyzing module ncpu32k_cell_dff_r__parameterized0
INFO: [VRFC 10-311] analyzing module ncpu32k_cell_dff_r__parameterized0_39
INFO: [VRFC 10-311] analyzing module ncpu32k_cell_pipebuf
INFO: [VRFC 10-311] analyzing module ncpu32k_cell_pipebuf_16
INFO: [VRFC 10-311] analyzing module ncpu32k_cell_pipebuf__parameterized0
INFO: [VRFC 10-311] analyzing module ncpu32k_cell_sdpram_sclk
INFO: [VRFC 10-311] analyzing module ncpu32k_cell_sdpram_sclk_20
INFO: [VRFC 10-311] analyzing module ncpu32k_cell_tdpram_aclkd_sclk
INFO: [VRFC 10-311] analyzing module ncpu32k_cell_tdpram_sclk
INFO: [VRFC 10-311] analyzing module ncpu32k_cell_tdpram_sclk_17
INFO: [VRFC 10-311] analyzing module ncpu32k_cell_tdpram_sclk_18
INFO: [VRFC 10-311] analyzing module ncpu32k_cell_tdpram_sclk_8
INFO: [VRFC 10-311] analyzing module ncpu32k_core
INFO: [VRFC 10-311] analyzing module ncpu32k_d_mmu
INFO: [VRFC 10-311] analyzing module ncpu32k_i_mmu
INFO: [VRFC 10-311] analyzing module ncpu32k_idu
INFO: [VRFC 10-311] analyzing module ncpu32k_ie_au
INFO: [VRFC 10-311] analyzing module ncpu32k_ie_mu
INFO: [VRFC 10-311] analyzing module ncpu32k_ieu
INFO: [VRFC 10-311] analyzing module ncpu32k_ifu
INFO: [VRFC 10-311] analyzing module ncpu32k_irqc
INFO: [VRFC 10-311] analyzing module ncpu32k_psr
INFO: [VRFC 10-311] analyzing module ncpu32k_regfile
INFO: [VRFC 10-311] analyzing module ncpu32k_tsc
INFO: [VRFC 10-311] analyzing module pb_fb_DRAM_ctrl
INFO: [VRFC 10-311] analyzing module pb_fb_L2_cache
INFO: [VRFC 10-311] analyzing module pb_fb_arbiter
INFO: [VRFC 10-311] analyzing module pb_fb_bootrom
INFO: [VRFC 10-311] analyzing module pb_fb_router
INFO: [VRFC 10-311] analyzing module sco_fifo_asclk
INFO: [VRFC 10-311] analyzing module sco_fifo_asclk_0
INFO: [VRFC 10-311] analyzing module soc_pb_spi_master
INFO: [VRFC 10-311] analyzing module soc_pb_uart
INFO: [VRFC 10-311] analyzing module soc_toplevel
INFO: [VRFC 10-311] analyzing module toplevel
INFO: [VRFC 10-311] analyzing module glbl
